DEB [20220621-12:18:03.845] thr=1   paramiko.transport: starting thread (client mode): 0x4b483d60
DEB [20220621-12:18:03.845] thr=1   paramiko.transport: Local version/idstring: SSH-2.0-paramiko_2.11.0
DEB [20220621-12:18:03.860] thr=1   paramiko.transport: Remote version/idstring: SSH-2.0-RebexSSH_5.0.7691.0
INF [20220621-12:18:03.860] thr=1   paramiko.transport: Connected (version 2.0, client RebexSSH_5.0.7691.0)
DEB [20220621-12:18:03.876] thr=1   paramiko.transport: === Key exchange possibilities ===
DEB [20220621-12:18:03.876] thr=1   paramiko.transport: kex algos: curve25519-sha256, curve25519-sha256@libssh.org, ecdh-sha2-nistp521, ecdh-sha2-nistp384, ecdh-sha2-nistp256, diffie-hellman-group16-sha512, diffie-hellman-group15-sha512, diffie-hellman-group-exchange-sha256, diffie-hellman-group14-sha256, diffie-hellman-group14-sha1, diffie-hellman-group-exchange-sha1
DEB [20220621-12:18:03.876] thr=1   paramiko.transport: server key: ssh-ed25519, ecdsa-sha2-nistp256, rsa-sha2-512, ssh-rsa-sha256@ssh.com, rsa-sha2-256, ssh-rsa
DEB [20220621-12:18:03.876] thr=1   paramiko.transport: client encrypt: aes256-gcm@openssh.com, aes128-gcm@openssh.com, aes256-ctr, aes256-cbc, aes192-ctr, aes192-cbc, aes128-ctr, aes128-cbc, chacha20-poly1305@openssh.com, twofish256-ctr, twofish192-ctr, twofish128-ctr, twofish256-cbc, twofish192-cbc, twofish128-cbc, twofish-cbc, 3des-ctr, 3des-cbc
DEB [20220621-12:18:03.876] thr=1   paramiko.transport: server encrypt: aes256-gcm@openssh.com, aes128-gcm@openssh.com, aes256-ctr, aes256-cbc, aes192-ctr, aes192-cbc, aes128-ctr, aes128-cbc, chacha20-poly1305@openssh.com, twofish256-ctr, twofish192-ctr, twofish128-ctr, twofish256-cbc, twofish192-cbc, twofish128-cbc, twofish-cbc, 3des-ctr, 3des-cbc
DEB [20220621-12:18:03.876] thr=1   paramiko.transport: client mac: hmac-sha2-512-etm@openssh.com, hmac-sha2-256-etm@openssh.com, hmac-sha2-512, hmac-sha2-256, hmac-sha1, hmac-sha1-96
DEB [20220621-12:18:03.876] thr=1   paramiko.transport: server mac: hmac-sha2-512-etm@openssh.com, hmac-sha2-256-etm@openssh.com, hmac-sha2-512, hmac-sha2-256, hmac-sha1, hmac-sha1-96
DEB [20220621-12:18:03.876] thr=1   paramiko.transport: client compress: none
DEB [20220621-12:18:03.876] thr=1   paramiko.transport: server compress: none
DEB [20220621-12:18:03.876] thr=1   paramiko.transport: client lang: <none>
DEB [20220621-12:18:03.876] thr=1   paramiko.transport: server lang: <none>
DEB [20220621-12:18:03.876] thr=1   paramiko.transport: kex follows: False
DEB [20220621-12:18:03.876] thr=1   paramiko.transport: === Key exchange agreements ===
DEB [20220621-12:18:03.876] thr=1   paramiko.transport: Kex: curve25519-sha256@libssh.org
DEB [20220621-12:18:03.876] thr=1   paramiko.transport: HostKey: ssh-ed25519
DEB [20220621-12:18:03.876] thr=1   paramiko.transport: Cipher: aes128-ctr
DEB [20220621-12:18:03.876] thr=1   paramiko.transport: MAC: hmac-sha2-256
DEB [20220621-12:18:03.876] thr=1   paramiko.transport: Compression: none
DEB [20220621-12:18:03.876] thr=1   paramiko.transport: === End of kex handshake ===
DEB [20220621-12:18:03.938] thr=1   paramiko.transport: kex engine KexCurve25519 specified hash_algo <built-in function openssl_sha256>
DEB [20220621-12:18:03.954] thr=1   paramiko.transport: Switch to new keys ...
DEB [20220621-12:18:03.954] thr=2   paramiko.transport: Attempting password auth...
DEB [20220621-12:18:03.970] thr=1   paramiko.transport: userauth is OK
INF [20220621-12:18:03.970] thr=1   paramiko.transport: Authentication (password) successful!
DEB [20220621-12:18:03.970] thr=2   paramiko.transport: [chan 0] Max packet in: 32768 bytes
DEB [20220621-12:18:03.985] thr=1   paramiko.transport: [chan 0] Max packet out: 65536 bytes
DEB [20220621-12:18:03.985] thr=1   paramiko.transport: Secsh channel 0 opened.
DEB [20220621-12:18:04.032] thr=1   paramiko.transport: [chan 0] Sesch channel 0 request ok
INF [20220621-12:18:04.048] thr=2   paramiko.transport.sftp: [chan 0] Opened sftp connection (server version 3)
DEB [20220621-12:18:04.048] thr=1   paramiko.transport: EOF in transport thread
DEB [20220621-12:18:31.349] thr=1   paramiko.transport: starting thread (client mode): 0xff743d60
DEB [20220621-12:18:31.349] thr=1   paramiko.transport: Local version/idstring: SSH-2.0-paramiko_2.11.0
DEB [20220621-12:18:31.380] thr=1   paramiko.transport: Remote version/idstring: SSH-2.0-RebexSSH_5.0.7691.0
INF [20220621-12:18:31.380] thr=1   paramiko.transport: Connected (version 2.0, client RebexSSH_5.0.7691.0)
DEB [20220621-12:18:31.380] thr=1   paramiko.transport: === Key exchange possibilities ===
DEB [20220621-12:18:31.380] thr=1   paramiko.transport: kex algos: curve25519-sha256, curve25519-sha256@libssh.org, ecdh-sha2-nistp521, ecdh-sha2-nistp384, ecdh-sha2-nistp256, diffie-hellman-group16-sha512, diffie-hellman-group15-sha512, diffie-hellman-group-exchange-sha256, diffie-hellman-group14-sha256, diffie-hellman-group14-sha1, diffie-hellman-group-exchange-sha1
DEB [20220621-12:18:31.380] thr=1   paramiko.transport: server key: ssh-ed25519, ecdsa-sha2-nistp256, rsa-sha2-512, ssh-rsa-sha256@ssh.com, rsa-sha2-256, ssh-rsa
DEB [20220621-12:18:31.380] thr=1   paramiko.transport: client encrypt: aes256-gcm@openssh.com, aes128-gcm@openssh.com, aes256-ctr, aes256-cbc, aes192-ctr, aes192-cbc, aes128-ctr, aes128-cbc, chacha20-poly1305@openssh.com, twofish256-ctr, twofish192-ctr, twofish128-ctr, twofish256-cbc, twofish192-cbc, twofish128-cbc, twofish-cbc, 3des-ctr, 3des-cbc
DEB [20220621-12:18:31.380] thr=1   paramiko.transport: server encrypt: aes256-gcm@openssh.com, aes128-gcm@openssh.com, aes256-ctr, aes256-cbc, aes192-ctr, aes192-cbc, aes128-ctr, aes128-cbc, chacha20-poly1305@openssh.com, twofish256-ctr, twofish192-ctr, twofish128-ctr, twofish256-cbc, twofish192-cbc, twofish128-cbc, twofish-cbc, 3des-ctr, 3des-cbc
DEB [20220621-12:18:31.380] thr=1   paramiko.transport: client mac: hmac-sha2-512-etm@openssh.com, hmac-sha2-256-etm@openssh.com, hmac-sha2-512, hmac-sha2-256, hmac-sha1, hmac-sha1-96
DEB [20220621-12:18:31.380] thr=1   paramiko.transport: server mac: hmac-sha2-512-etm@openssh.com, hmac-sha2-256-etm@openssh.com, hmac-sha2-512, hmac-sha2-256, hmac-sha1, hmac-sha1-96
DEB [20220621-12:18:31.380] thr=1   paramiko.transport: client compress: none
DEB [20220621-12:18:31.380] thr=1   paramiko.transport: server compress: none
DEB [20220621-12:18:31.380] thr=1   paramiko.transport: client lang: <none>
DEB [20220621-12:18:31.380] thr=1   paramiko.transport: server lang: <none>
DEB [20220621-12:18:31.380] thr=1   paramiko.transport: kex follows: False
DEB [20220621-12:18:31.380] thr=1   paramiko.transport: === Key exchange agreements ===
DEB [20220621-12:18:31.380] thr=1   paramiko.transport: Kex: curve25519-sha256@libssh.org
DEB [20220621-12:18:31.380] thr=1   paramiko.transport: HostKey: ssh-ed25519
DEB [20220621-12:18:31.380] thr=1   paramiko.transport: Cipher: aes128-ctr
DEB [20220621-12:18:31.380] thr=1   paramiko.transport: MAC: hmac-sha2-256
DEB [20220621-12:18:31.380] thr=1   paramiko.transport: Compression: none
DEB [20220621-12:18:31.380] thr=1   paramiko.transport: === End of kex handshake ===
DEB [20220621-12:18:31.443] thr=1   paramiko.transport: kex engine KexCurve25519 specified hash_algo <built-in function openssl_sha256>
DEB [20220621-12:18:31.458] thr=1   paramiko.transport: Switch to new keys ...
DEB [20220621-12:18:31.458] thr=2   paramiko.transport: Attempting password auth...
DEB [20220621-12:18:31.474] thr=1   paramiko.transport: userauth is OK
INF [20220621-12:18:31.489] thr=1   paramiko.transport: Authentication (password) successful!
DEB [20220621-12:18:31.489] thr=2   paramiko.transport: [chan 0] Max packet in: 32768 bytes
DEB [20220621-12:18:31.505] thr=1   paramiko.transport: [chan 0] Max packet out: 65536 bytes
DEB [20220621-12:18:31.505] thr=1   paramiko.transport: Secsh channel 0 opened.
DEB [20220621-12:18:31.552] thr=1   paramiko.transport: [chan 0] Sesch channel 0 request ok
INF [20220621-12:18:31.567] thr=2   paramiko.transport.sftp: [chan 0] Opened sftp connection (server version 3)
DEB [20220621-12:18:31.567] thr=2   paramiko.transport.sftp: [chan 0] open(b'/', 'wb')
DEB [20220621-12:18:31.630] thr=1   paramiko.transport: EOF in transport thread
DEB [20220621-12:23:01.903] thr=1   paramiko.transport: starting thread (client mode): 0x485b3dc0
DEB [20220621-12:23:01.903] thr=1   paramiko.transport: Local version/idstring: SSH-2.0-paramiko_2.11.0
DEB [20220621-12:23:01.919] thr=1   paramiko.transport: Remote version/idstring: SSH-2.0-RebexSSH_5.0.7691.0
INF [20220621-12:23:01.919] thr=1   paramiko.transport: Connected (version 2.0, client RebexSSH_5.0.7691.0)
DEB [20220621-12:23:01.919] thr=1   paramiko.transport: === Key exchange possibilities ===
DEB [20220621-12:23:01.919] thr=1   paramiko.transport: kex algos: curve25519-sha256, curve25519-sha256@libssh.org, ecdh-sha2-nistp521, ecdh-sha2-nistp384, ecdh-sha2-nistp256, diffie-hellman-group16-sha512, diffie-hellman-group15-sha512, diffie-hellman-group-exchange-sha256, diffie-hellman-group14-sha256, diffie-hellman-group14-sha1, diffie-hellman-group-exchange-sha1
DEB [20220621-12:23:01.919] thr=1   paramiko.transport: server key: ssh-ed25519, ecdsa-sha2-nistp256, rsa-sha2-512, ssh-rsa-sha256@ssh.com, rsa-sha2-256, ssh-rsa
DEB [20220621-12:23:01.919] thr=1   paramiko.transport: client encrypt: aes256-gcm@openssh.com, aes128-gcm@openssh.com, aes256-ctr, aes256-cbc, aes192-ctr, aes192-cbc, aes128-ctr, aes128-cbc, chacha20-poly1305@openssh.com, twofish256-ctr, twofish192-ctr, twofish128-ctr, twofish256-cbc, twofish192-cbc, twofish128-cbc, twofish-cbc, 3des-ctr, 3des-cbc
DEB [20220621-12:23:01.919] thr=1   paramiko.transport: server encrypt: aes256-gcm@openssh.com, aes128-gcm@openssh.com, aes256-ctr, aes256-cbc, aes192-ctr, aes192-cbc, aes128-ctr, aes128-cbc, chacha20-poly1305@openssh.com, twofish256-ctr, twofish192-ctr, twofish128-ctr, twofish256-cbc, twofish192-cbc, twofish128-cbc, twofish-cbc, 3des-ctr, 3des-cbc
DEB [20220621-12:23:01.919] thr=1   paramiko.transport: client mac: hmac-sha2-512-etm@openssh.com, hmac-sha2-256-etm@openssh.com, hmac-sha2-512, hmac-sha2-256, hmac-sha1, hmac-sha1-96
DEB [20220621-12:23:01.919] thr=1   paramiko.transport: server mac: hmac-sha2-512-etm@openssh.com, hmac-sha2-256-etm@openssh.com, hmac-sha2-512, hmac-sha2-256, hmac-sha1, hmac-sha1-96
DEB [20220621-12:23:01.919] thr=1   paramiko.transport: client compress: none
DEB [20220621-12:23:01.919] thr=1   paramiko.transport: server compress: none
DEB [20220621-12:23:01.919] thr=1   paramiko.transport: client lang: <none>
DEB [20220621-12:23:01.919] thr=1   paramiko.transport: server lang: <none>
DEB [20220621-12:23:01.919] thr=1   paramiko.transport: kex follows: False
DEB [20220621-12:23:01.919] thr=1   paramiko.transport: === Key exchange agreements ===
DEB [20220621-12:23:01.919] thr=1   paramiko.transport: Kex: curve25519-sha256@libssh.org
DEB [20220621-12:23:01.919] thr=1   paramiko.transport: HostKey: ssh-ed25519
DEB [20220621-12:23:01.919] thr=1   paramiko.transport: Cipher: aes128-ctr
DEB [20220621-12:23:01.919] thr=1   paramiko.transport: MAC: hmac-sha2-256
DEB [20220621-12:23:01.919] thr=1   paramiko.transport: Compression: none
DEB [20220621-12:23:01.919] thr=1   paramiko.transport: === End of kex handshake ===
DEB [20220621-12:23:01.997] thr=1   paramiko.transport: kex engine KexCurve25519 specified hash_algo <built-in function openssl_sha256>
DEB [20220621-12:23:02.013] thr=1   paramiko.transport: Switch to new keys ...
DEB [20220621-12:23:02.013] thr=2   paramiko.transport: Attempting password auth...
DEB [20220621-12:23:02.028] thr=1   paramiko.transport: userauth is OK
INF [20220621-12:23:02.044] thr=1   paramiko.transport: Authentication (password) successful!
DEB [20220621-12:23:02.044] thr=2   paramiko.transport: [chan 0] Max packet in: 32768 bytes
DEB [20220621-12:23:02.044] thr=1   paramiko.transport: [chan 0] Max packet out: 65536 bytes
DEB [20220621-12:23:02.044] thr=1   paramiko.transport: Secsh channel 0 opened.
DEB [20220621-12:23:02.106] thr=1   paramiko.transport: [chan 0] Sesch channel 0 request ok
INF [20220621-12:23:02.122] thr=2   paramiko.transport.sftp: [chan 0] Opened sftp connection (server version 3)
DEB [20220621-12:23:02.122] thr=2   paramiko.transport.sftp: [chan 0] open(b'/', 'wb')
DEB [20220621-12:23:02.138] thr=1   paramiko.transport: EOF in transport thread
DEB [20220621-12:25:43.353] thr=1   paramiko.transport: starting thread (client mode): 0x618e3dc0
DEB [20220621-12:25:43.353] thr=1   paramiko.transport: Local version/idstring: SSH-2.0-paramiko_2.11.0
DEB [20220621-12:25:43.368] thr=1   paramiko.transport: Remote version/idstring: SSH-2.0-RebexSSH_5.0.7691.0
INF [20220621-12:25:43.368] thr=1   paramiko.transport: Connected (version 2.0, client RebexSSH_5.0.7691.0)
DEB [20220621-12:25:43.384] thr=1   paramiko.transport: === Key exchange possibilities ===
DEB [20220621-12:25:43.384] thr=1   paramiko.transport: kex algos: curve25519-sha256, curve25519-sha256@libssh.org, ecdh-sha2-nistp521, ecdh-sha2-nistp384, ecdh-sha2-nistp256, diffie-hellman-group16-sha512, diffie-hellman-group15-sha512, diffie-hellman-group-exchange-sha256, diffie-hellman-group14-sha256, diffie-hellman-group14-sha1, diffie-hellman-group-exchange-sha1
DEB [20220621-12:25:43.384] thr=1   paramiko.transport: server key: ssh-ed25519, ecdsa-sha2-nistp256, rsa-sha2-512, ssh-rsa-sha256@ssh.com, rsa-sha2-256, ssh-rsa
DEB [20220621-12:25:43.384] thr=1   paramiko.transport: client encrypt: aes256-gcm@openssh.com, aes128-gcm@openssh.com, aes256-ctr, aes256-cbc, aes192-ctr, aes192-cbc, aes128-ctr, aes128-cbc, chacha20-poly1305@openssh.com, twofish256-ctr, twofish192-ctr, twofish128-ctr, twofish256-cbc, twofish192-cbc, twofish128-cbc, twofish-cbc, 3des-ctr, 3des-cbc
DEB [20220621-12:25:43.384] thr=1   paramiko.transport: server encrypt: aes256-gcm@openssh.com, aes128-gcm@openssh.com, aes256-ctr, aes256-cbc, aes192-ctr, aes192-cbc, aes128-ctr, aes128-cbc, chacha20-poly1305@openssh.com, twofish256-ctr, twofish192-ctr, twofish128-ctr, twofish256-cbc, twofish192-cbc, twofish128-cbc, twofish-cbc, 3des-ctr, 3des-cbc
DEB [20220621-12:25:43.384] thr=1   paramiko.transport: client mac: hmac-sha2-512-etm@openssh.com, hmac-sha2-256-etm@openssh.com, hmac-sha2-512, hmac-sha2-256, hmac-sha1, hmac-sha1-96
DEB [20220621-12:25:43.384] thr=1   paramiko.transport: server mac: hmac-sha2-512-etm@openssh.com, hmac-sha2-256-etm@openssh.com, hmac-sha2-512, hmac-sha2-256, hmac-sha1, hmac-sha1-96
DEB [20220621-12:25:43.384] thr=1   paramiko.transport: client compress: none
DEB [20220621-12:25:43.384] thr=1   paramiko.transport: server compress: none
DEB [20220621-12:25:43.384] thr=1   paramiko.transport: client lang: <none>
DEB [20220621-12:25:43.384] thr=1   paramiko.transport: server lang: <none>
DEB [20220621-12:25:43.384] thr=1   paramiko.transport: kex follows: False
DEB [20220621-12:25:43.384] thr=1   paramiko.transport: === Key exchange agreements ===
DEB [20220621-12:25:43.384] thr=1   paramiko.transport: Kex: curve25519-sha256@libssh.org
DEB [20220621-12:25:43.384] thr=1   paramiko.transport: HostKey: ssh-ed25519
DEB [20220621-12:25:43.384] thr=1   paramiko.transport: Cipher: aes128-ctr
DEB [20220621-12:25:43.384] thr=1   paramiko.transport: MAC: hmac-sha2-256
DEB [20220621-12:25:43.384] thr=1   paramiko.transport: Compression: none
DEB [20220621-12:25:43.384] thr=1   paramiko.transport: === End of kex handshake ===
DEB [20220621-12:25:43.447] thr=1   paramiko.transport: kex engine KexCurve25519 specified hash_algo <built-in function openssl_sha256>
DEB [20220621-12:25:43.462] thr=1   paramiko.transport: Switch to new keys ...
DEB [20220621-12:25:43.462] thr=2   paramiko.transport: Attempting password auth...
DEB [20220621-12:25:43.478] thr=1   paramiko.transport: userauth is OK
INF [20220621-12:25:43.478] thr=1   paramiko.transport: Authentication (password) successful!
DEB [20220621-12:25:43.493] thr=2   paramiko.transport: [chan 0] Max packet in: 32768 bytes
DEB [20220621-12:25:43.493] thr=1   paramiko.transport: [chan 0] Max packet out: 65536 bytes
DEB [20220621-12:25:43.493] thr=1   paramiko.transport: Secsh channel 0 opened.
DEB [20220621-12:25:43.540] thr=1   paramiko.transport: [chan 0] Sesch channel 0 request ok
INF [20220621-12:25:43.556] thr=2   paramiko.transport.sftp: [chan 0] Opened sftp connection (server version 3)
DEB [20220621-12:25:43.556] thr=2   paramiko.transport.sftp: [chan 0] open(b'/test1225.txt', 'wb')
DEB [20220621-12:25:43.572] thr=2   paramiko.transport.sftp: [chan 0] open(b'/test1225.txt', 'wb') -> 00000000
DEB [20220621-12:25:43.572] thr=2   paramiko.transport.sftp: [chan 0] close(00000000)
DEB [20220621-12:25:43.587] thr=2   paramiko.transport.sftp: [chan 0] stat(b'/test1225.txt')
INF [20220621-12:25:43.603] thr=2   paramiko.transport.sftp: [chan 0] sftp session closed.
DEB [20220621-12:25:43.603] thr=2   paramiko.transport: [chan 0] EOF sent (0)
DEB [20220621-12:25:43.603] thr=1   paramiko.transport: EOF in transport thread
DEB [20220621-12:44:28.484] thr=1   paramiko.transport: starting thread (client mode): 0xab378130
DEB [20220621-12:44:28.484] thr=1   paramiko.transport: Local version/idstring: SSH-2.0-paramiko_2.11.0
DEB [20220621-12:44:28.500] thr=1   paramiko.transport: Remote version/idstring: SSH-2.0-RebexSSH_5.0.7691.0
INF [20220621-12:44:28.500] thr=1   paramiko.transport: Connected (version 2.0, client RebexSSH_5.0.7691.0)
DEB [20220621-12:44:28.500] thr=1   paramiko.transport: === Key exchange possibilities ===
DEB [20220621-12:44:28.500] thr=1   paramiko.transport: kex algos: curve25519-sha256, curve25519-sha256@libssh.org, ecdh-sha2-nistp521, ecdh-sha2-nistp384, ecdh-sha2-nistp256, diffie-hellman-group16-sha512, diffie-hellman-group15-sha512, diffie-hellman-group-exchange-sha256, diffie-hellman-group14-sha256, diffie-hellman-group14-sha1, diffie-hellman-group-exchange-sha1
DEB [20220621-12:44:28.500] thr=1   paramiko.transport: server key: ssh-ed25519, ecdsa-sha2-nistp256, rsa-sha2-512, ssh-rsa-sha256@ssh.com, rsa-sha2-256, ssh-rsa
DEB [20220621-12:44:28.500] thr=1   paramiko.transport: client encrypt: aes256-gcm@openssh.com, aes128-gcm@openssh.com, aes256-ctr, aes256-cbc, aes192-ctr, aes192-cbc, aes128-ctr, aes128-cbc, chacha20-poly1305@openssh.com, twofish256-ctr, twofish192-ctr, twofish128-ctr, twofish256-cbc, twofish192-cbc, twofish128-cbc, twofish-cbc, 3des-ctr, 3des-cbc
DEB [20220621-12:44:28.500] thr=1   paramiko.transport: server encrypt: aes256-gcm@openssh.com, aes128-gcm@openssh.com, aes256-ctr, aes256-cbc, aes192-ctr, aes192-cbc, aes128-ctr, aes128-cbc, chacha20-poly1305@openssh.com, twofish256-ctr, twofish192-ctr, twofish128-ctr, twofish256-cbc, twofish192-cbc, twofish128-cbc, twofish-cbc, 3des-ctr, 3des-cbc
DEB [20220621-12:44:28.500] thr=1   paramiko.transport: client mac: hmac-sha2-512-etm@openssh.com, hmac-sha2-256-etm@openssh.com, hmac-sha2-512, hmac-sha2-256, hmac-sha1, hmac-sha1-96
DEB [20220621-12:44:28.500] thr=1   paramiko.transport: server mac: hmac-sha2-512-etm@openssh.com, hmac-sha2-256-etm@openssh.com, hmac-sha2-512, hmac-sha2-256, hmac-sha1, hmac-sha1-96
DEB [20220621-12:44:28.500] thr=1   paramiko.transport: client compress: none
DEB [20220621-12:44:28.500] thr=1   paramiko.transport: server compress: none
DEB [20220621-12:44:28.500] thr=1   paramiko.transport: client lang: <none>
DEB [20220621-12:44:28.500] thr=1   paramiko.transport: server lang: <none>
DEB [20220621-12:44:28.500] thr=1   paramiko.transport: kex follows: False
DEB [20220621-12:44:28.500] thr=1   paramiko.transport: === Key exchange agreements ===
DEB [20220621-12:44:28.500] thr=1   paramiko.transport: Kex: curve25519-sha256@libssh.org
DEB [20220621-12:44:28.500] thr=1   paramiko.transport: HostKey: ssh-ed25519
DEB [20220621-12:44:28.500] thr=1   paramiko.transport: Cipher: aes128-ctr
DEB [20220621-12:44:28.500] thr=1   paramiko.transport: MAC: hmac-sha2-256
DEB [20220621-12:44:28.500] thr=1   paramiko.transport: Compression: none
DEB [20220621-12:44:28.500] thr=1   paramiko.transport: === End of kex handshake ===
DEB [20220621-12:44:28.563] thr=1   paramiko.transport: kex engine KexCurve25519 specified hash_algo <built-in function openssl_sha256>
DEB [20220621-12:44:28.578] thr=1   paramiko.transport: Switch to new keys ...
DEB [20220621-12:44:28.578] thr=2   paramiko.transport: Attempting password auth...
DEB [20220621-12:44:28.594] thr=1   paramiko.transport: userauth is OK
INF [20220621-12:44:28.609] thr=1   paramiko.transport: Authentication (password) successful!
DEB [20220621-12:44:28.609] thr=2   paramiko.transport: [chan 0] Max packet in: 32768 bytes
DEB [20220621-12:44:28.625] thr=1   paramiko.transport: [chan 0] Max packet out: 65536 bytes
DEB [20220621-12:44:28.625] thr=1   paramiko.transport: Secsh channel 0 opened.
DEB [20220621-12:44:28.672] thr=1   paramiko.transport: [chan 0] Sesch channel 0 request ok
INF [20220621-12:44:28.688] thr=2   paramiko.transport.sftp: [chan 0] Opened sftp connection (server version 3)
DEB [20220621-12:44:28.688] thr=2   paramiko.transport.sftp: [chan 0] open(b'mrc.txt', 'wb')
DEB [20220621-12:44:28.703] thr=2   paramiko.transport.sftp: [chan 0] open(b'mrc.txt', 'wb') -> 00000000
DEB [20220621-12:44:28.703] thr=2   paramiko.transport.sftp: [chan 0] close(00000000)
DEB [20220621-12:44:28.719] thr=2   paramiko.transport.sftp: [chan 0] stat(b'mrc.txt')
INF [20220621-12:44:28.734] thr=2   paramiko.transport.sftp: [chan 0] sftp session closed.
DEB [20220621-12:44:28.734] thr=2   paramiko.transport: [chan 0] EOF sent (0)
DEB [20220621-12:44:28.734] thr=1   paramiko.transport: EOF in transport thread
DEB [20220621-12:59:42.591] thr=1   paramiko.transport: starting thread (client mode): 0x11683f10
DEB [20220621-12:59:42.591] thr=1   paramiko.transport: Local version/idstring: SSH-2.0-paramiko_2.11.0
DEB [20220621-12:59:42.591] thr=1   paramiko.transport: Remote version/idstring: SSH-2.0-RebexSSH_5.0.7906.0
INF [20220621-12:59:42.591] thr=1   paramiko.transport: Connected (version 2.0, client RebexSSH_5.0.7906.0)
DEB [20220621-12:59:42.591] thr=1   paramiko.transport: === Key exchange possibilities ===
DEB [20220621-12:59:42.591] thr=1   paramiko.transport: kex algos: curve25519-sha256, curve25519-sha256@libssh.org, ecdh-sha2-nistp521, ecdh-sha2-nistp384, ecdh-sha2-nistp256, diffie-hellman-group16-sha512, diffie-hellman-group15-sha512, diffie-hellman-group-exchange-sha256, diffie-hellman-group14-sha256, diffie-hellman-group14-sha1, diffie-hellman-group-exchange-sha1
DEB [20220621-12:59:42.591] thr=1   paramiko.transport: server key: ssh-ed25519, ecdsa-sha2-nistp256, rsa-sha2-512, ssh-rsa-sha256@ssh.com, rsa-sha2-256, ssh-rsa
DEB [20220621-12:59:42.591] thr=1   paramiko.transport: client encrypt: aes256-gcm@openssh.com, aes128-gcm@openssh.com, aes256-ctr, aes256-cbc, aes192-ctr, aes192-cbc, aes128-ctr, aes128-cbc, chacha20-poly1305@openssh.com, twofish256-ctr, twofish192-ctr, twofish128-ctr, twofish256-cbc, twofish192-cbc, twofish128-cbc, twofish-cbc, 3des-ctr, 3des-cbc
DEB [20220621-12:59:42.591] thr=1   paramiko.transport: server encrypt: aes256-gcm@openssh.com, aes128-gcm@openssh.com, aes256-ctr, aes256-cbc, aes192-ctr, aes192-cbc, aes128-ctr, aes128-cbc, chacha20-poly1305@openssh.com, twofish256-ctr, twofish192-ctr, twofish128-ctr, twofish256-cbc, twofish192-cbc, twofish128-cbc, twofish-cbc, 3des-ctr, 3des-cbc
DEB [20220621-12:59:42.591] thr=1   paramiko.transport: client mac: hmac-sha2-512-etm@openssh.com, hmac-sha2-256-etm@openssh.com, hmac-sha2-512, hmac-sha2-256, hmac-sha1, hmac-sha1-96
DEB [20220621-12:59:42.591] thr=1   paramiko.transport: server mac: hmac-sha2-512-etm@openssh.com, hmac-sha2-256-etm@openssh.com, hmac-sha2-512, hmac-sha2-256, hmac-sha1, hmac-sha1-96
DEB [20220621-12:59:42.591] thr=1   paramiko.transport: client compress: none
DEB [20220621-12:59:42.591] thr=1   paramiko.transport: server compress: none
DEB [20220621-12:59:42.591] thr=1   paramiko.transport: client lang: <none>
DEB [20220621-12:59:42.591] thr=1   paramiko.transport: server lang: <none>
DEB [20220621-12:59:42.591] thr=1   paramiko.transport: kex follows: False
DEB [20220621-12:59:42.591] thr=1   paramiko.transport: === Key exchange agreements ===
DEB [20220621-12:59:42.591] thr=1   paramiko.transport: Kex: curve25519-sha256@libssh.org
DEB [20220621-12:59:42.591] thr=1   paramiko.transport: HostKey: ssh-ed25519
DEB [20220621-12:59:42.591] thr=1   paramiko.transport: Cipher: aes128-ctr
DEB [20220621-12:59:42.591] thr=1   paramiko.transport: MAC: hmac-sha2-256
DEB [20220621-12:59:42.591] thr=1   paramiko.transport: Compression: none
DEB [20220621-12:59:42.591] thr=1   paramiko.transport: === End of kex handshake ===
DEB [20220621-12:59:42.607] thr=1   paramiko.transport: kex engine KexCurve25519 specified hash_algo <built-in function openssl_sha256>
DEB [20220621-12:59:42.607] thr=1   paramiko.transport: Switch to new keys ...
DEB [20220621-12:59:42.607] thr=2   paramiko.transport: Attempting password auth...
DEB [20220621-12:59:42.622] thr=1   paramiko.transport: userauth is OK
INF [20220621-12:59:42.638] thr=1   paramiko.transport: Authentication (password) successful!
DEB [20220621-12:59:42.638] thr=2   paramiko.transport: [chan 0] Max packet in: 32768 bytes
DEB [20220621-12:59:42.638] thr=1   paramiko.transport: [chan 0] Max packet out: 65536 bytes
DEB [20220621-12:59:42.638] thr=1   paramiko.transport: Secsh channel 0 opened.
DEB [20220621-12:59:42.700] thr=1   paramiko.transport: [chan 0] Sesch channel 0 request ok
INF [20220621-12:59:42.700] thr=2   paramiko.transport.sftp: [chan 0] Opened sftp connection (server version 3)
DEB [20220621-12:59:42.700] thr=2   paramiko.transport.sftp: [chan 0] open(b'/test1225.txt', 'wb')
DEB [20220621-12:59:42.763] thr=2   paramiko.transport.sftp: [chan 0] open(b'/test1225.txt', 'wb') -> 00000000
DEB [20220621-12:59:42.763] thr=2   paramiko.transport.sftp: [chan 0] close(00000000)
DEB [20220621-12:59:42.763] thr=2   paramiko.transport.sftp: [chan 0] stat(b'/test1225.txt')
INF [20220621-12:59:42.779] thr=2   paramiko.transport.sftp: [chan 0] sftp session closed.
DEB [20220621-12:59:42.779] thr=2   paramiko.transport: [chan 0] EOF sent (0)
DEB [20220621-12:59:42.779] thr=1   paramiko.transport: EOF in transport thread
DEB [20220621-13:00:08.705] thr=1   paramiko.transport: starting thread (client mode): 0x40578070
DEB [20220621-13:00:08.705] thr=1   paramiko.transport: Local version/idstring: SSH-2.0-paramiko_2.11.0
DEB [20220621-13:00:08.705] thr=1   paramiko.transport: Remote version/idstring: SSH-2.0-RebexSSH_5.0.7906.0
INF [20220621-13:00:08.705] thr=1   paramiko.transport: Connected (version 2.0, client RebexSSH_5.0.7906.0)
DEB [20220621-13:00:08.705] thr=1   paramiko.transport: === Key exchange possibilities ===
DEB [20220621-13:00:08.705] thr=1   paramiko.transport: kex algos: curve25519-sha256, curve25519-sha256@libssh.org, ecdh-sha2-nistp521, ecdh-sha2-nistp384, ecdh-sha2-nistp256, diffie-hellman-group16-sha512, diffie-hellman-group15-sha512, diffie-hellman-group-exchange-sha256, diffie-hellman-group14-sha256, diffie-hellman-group14-sha1, diffie-hellman-group-exchange-sha1
DEB [20220621-13:00:08.705] thr=1   paramiko.transport: server key: ssh-ed25519, ecdsa-sha2-nistp256, rsa-sha2-512, ssh-rsa-sha256@ssh.com, rsa-sha2-256, ssh-rsa
DEB [20220621-13:00:08.705] thr=1   paramiko.transport: client encrypt: aes256-gcm@openssh.com, aes128-gcm@openssh.com, aes256-ctr, aes256-cbc, aes192-ctr, aes192-cbc, aes128-ctr, aes128-cbc, chacha20-poly1305@openssh.com, twofish256-ctr, twofish192-ctr, twofish128-ctr, twofish256-cbc, twofish192-cbc, twofish128-cbc, twofish-cbc, 3des-ctr, 3des-cbc
DEB [20220621-13:00:08.705] thr=1   paramiko.transport: server encrypt: aes256-gcm@openssh.com, aes128-gcm@openssh.com, aes256-ctr, aes256-cbc, aes192-ctr, aes192-cbc, aes128-ctr, aes128-cbc, chacha20-poly1305@openssh.com, twofish256-ctr, twofish192-ctr, twofish128-ctr, twofish256-cbc, twofish192-cbc, twofish128-cbc, twofish-cbc, 3des-ctr, 3des-cbc
DEB [20220621-13:00:08.705] thr=1   paramiko.transport: client mac: hmac-sha2-512-etm@openssh.com, hmac-sha2-256-etm@openssh.com, hmac-sha2-512, hmac-sha2-256, hmac-sha1, hmac-sha1-96
DEB [20220621-13:00:08.705] thr=1   paramiko.transport: server mac: hmac-sha2-512-etm@openssh.com, hmac-sha2-256-etm@openssh.com, hmac-sha2-512, hmac-sha2-256, hmac-sha1, hmac-sha1-96
DEB [20220621-13:00:08.705] thr=1   paramiko.transport: client compress: none
DEB [20220621-13:00:08.705] thr=1   paramiko.transport: server compress: none
DEB [20220621-13:00:08.705] thr=1   paramiko.transport: client lang: <none>
DEB [20220621-13:00:08.705] thr=1   paramiko.transport: server lang: <none>
DEB [20220621-13:00:08.705] thr=1   paramiko.transport: kex follows: False
DEB [20220621-13:00:08.705] thr=1   paramiko.transport: === Key exchange agreements ===
DEB [20220621-13:00:08.705] thr=1   paramiko.transport: Kex: curve25519-sha256@libssh.org
DEB [20220621-13:00:08.705] thr=1   paramiko.transport: HostKey: ssh-ed25519
DEB [20220621-13:00:08.705] thr=1   paramiko.transport: Cipher: aes128-ctr
DEB [20220621-13:00:08.705] thr=1   paramiko.transport: MAC: hmac-sha2-256
DEB [20220621-13:00:08.705] thr=1   paramiko.transport: Compression: none
DEB [20220621-13:00:08.705] thr=1   paramiko.transport: === End of kex handshake ===
DEB [20220621-13:00:08.705] thr=1   paramiko.transport: kex engine KexCurve25519 specified hash_algo <built-in function openssl_sha256>
DEB [20220621-13:00:08.705] thr=1   paramiko.transport: Switch to new keys ...
DEB [20220621-13:00:08.705] thr=2   paramiko.transport: Attempting password auth...
DEB [20220621-13:00:08.720] thr=1   paramiko.transport: userauth is OK
INF [20220621-13:00:08.736] thr=1   paramiko.transport: Authentication (password) successful!
DEB [20220621-13:00:08.736] thr=2   paramiko.transport: [chan 0] Max packet in: 32768 bytes
DEB [20220621-13:00:08.736] thr=1   paramiko.transport: [chan 0] Max packet out: 65536 bytes
DEB [20220621-13:00:08.736] thr=1   paramiko.transport: Secsh channel 0 opened.
DEB [20220621-13:00:08.805] thr=1   paramiko.transport: [chan 0] Sesch channel 0 request ok
INF [20220621-13:00:08.805] thr=2   paramiko.transport.sftp: [chan 0] Opened sftp connection (server version 3)
DEB [20220621-13:00:08.805] thr=2   paramiko.transport.sftp: [chan 0] open(b'mrc.txt', 'wb')
DEB [20220621-13:00:08.805] thr=2   paramiko.transport.sftp: [chan 0] open(b'mrc.txt', 'wb') -> 00000000
DEB [20220621-13:00:08.805] thr=2   paramiko.transport.sftp: [chan 0] close(00000000)
DEB [20220621-13:00:08.805] thr=2   paramiko.transport.sftp: [chan 0] stat(b'mrc.txt')
INF [20220621-13:00:08.805] thr=2   paramiko.transport.sftp: [chan 0] sftp session closed.
DEB [20220621-13:00:08.805] thr=2   paramiko.transport: [chan 0] EOF sent (0)
DEB [20220812-12:43:49.912] thr=1   paramiko.transport: starting thread (client mode): 0xaad47f0
DEB [20220812-12:43:49.913] thr=1   paramiko.transport: Local version/idstring: SSH-2.0-paramiko_2.11.0
ERR [20220812-12:43:53.888] thr=1   paramiko.transport: Exception (client): Error reading SSH protocol banner
ERR [20220812-12:43:53.898] thr=1   paramiko.transport: Traceback (most recent call last):
ERR [20220812-12:43:53.898] thr=1   paramiko.transport:   File "C:\Users\wn10\PycharmProjects\multisender1.0\venv\lib\site-packages\paramiko\transport.py", line 2271, in _check_banner
ERR [20220812-12:43:53.898] thr=1   paramiko.transport:     buf = self.packetizer.readline(timeout)
ERR [20220812-12:43:53.898] thr=1   paramiko.transport:   File "C:\Users\wn10\PycharmProjects\multisender1.0\venv\lib\site-packages\paramiko\packet.py", line 380, in readline
ERR [20220812-12:43:53.898] thr=1   paramiko.transport:     buf += self._read_timeout(timeout)
ERR [20220812-12:43:53.898] thr=1   paramiko.transport:   File "C:\Users\wn10\PycharmProjects\multisender1.0\venv\lib\site-packages\paramiko\packet.py", line 609, in _read_timeout
ERR [20220812-12:43:53.898] thr=1   paramiko.transport:     raise EOFError()
ERR [20220812-12:43:53.898] thr=1   paramiko.transport: EOFError
ERR [20220812-12:43:53.898] thr=1   paramiko.transport: 
ERR [20220812-12:43:53.898] thr=1   paramiko.transport: During handling of the above exception, another exception occurred:
ERR [20220812-12:43:53.898] thr=1   paramiko.transport: 
ERR [20220812-12:43:53.898] thr=1   paramiko.transport: Traceback (most recent call last):
ERR [20220812-12:43:53.898] thr=1   paramiko.transport:   File "C:\Users\wn10\PycharmProjects\multisender1.0\venv\lib\site-packages\paramiko\transport.py", line 2094, in run
ERR [20220812-12:43:53.898] thr=1   paramiko.transport:     self._check_banner()
ERR [20220812-12:43:53.898] thr=1   paramiko.transport:   File "C:\Users\wn10\PycharmProjects\multisender1.0\venv\lib\site-packages\paramiko\transport.py", line 2275, in _check_banner
ERR [20220812-12:43:53.898] thr=1   paramiko.transport:     raise SSHException(
ERR [20220812-12:43:53.898] thr=1   paramiko.transport: paramiko.ssh_exception.SSHException: Error reading SSH protocol banner
ERR [20220812-12:43:53.899] thr=1   paramiko.transport: 
DEB [20220812-12:54:18.120] thr=1   paramiko.transport: starting thread (client mode): 0xff9408b0
DEB [20220812-12:54:18.121] thr=1   paramiko.transport: Local version/idstring: SSH-2.0-paramiko_2.11.0
DEB [20220812-12:54:18.137] thr=1   paramiko.transport: Remote version/idstring: SSH-2.0-RebexSSH_5.0.7691.0
INF [20220812-12:54:18.137] thr=1   paramiko.transport: Connected (version 2.0, client RebexSSH_5.0.7691.0)
DEB [20220812-12:54:18.141] thr=1   paramiko.transport: === Key exchange possibilities ===
DEB [20220812-12:54:18.142] thr=1   paramiko.transport: kex algos: curve25519-sha256, curve25519-sha256@libssh.org, ecdh-sha2-nistp521, ecdh-sha2-nistp384, ecdh-sha2-nistp256, diffie-hellman-group16-sha512, diffie-hellman-group15-sha512, diffie-hellman-group-exchange-sha256, diffie-hellman-group14-sha256, diffie-hellman-group14-sha1, diffie-hellman-group-exchange-sha1
DEB [20220812-12:54:18.142] thr=1   paramiko.transport: server key: ssh-ed25519, ecdsa-sha2-nistp256, rsa-sha2-512, ssh-rsa-sha256@ssh.com, rsa-sha2-256, ssh-rsa
DEB [20220812-12:54:18.142] thr=1   paramiko.transport: client encrypt: aes256-gcm@openssh.com, aes128-gcm@openssh.com, aes256-ctr, aes256-cbc, aes192-ctr, aes192-cbc, aes128-ctr, aes128-cbc, chacha20-poly1305@openssh.com, twofish256-ctr, twofish192-ctr, twofish128-ctr, twofish256-cbc, twofish192-cbc, twofish128-cbc, twofish-cbc, 3des-ctr, 3des-cbc
DEB [20220812-12:54:18.142] thr=1   paramiko.transport: server encrypt: aes256-gcm@openssh.com, aes128-gcm@openssh.com, aes256-ctr, aes256-cbc, aes192-ctr, aes192-cbc, aes128-ctr, aes128-cbc, chacha20-poly1305@openssh.com, twofish256-ctr, twofish192-ctr, twofish128-ctr, twofish256-cbc, twofish192-cbc, twofish128-cbc, twofish-cbc, 3des-ctr, 3des-cbc
DEB [20220812-12:54:18.142] thr=1   paramiko.transport: client mac: hmac-sha2-512-etm@openssh.com, hmac-sha2-256-etm@openssh.com, hmac-sha2-512, hmac-sha2-256, hmac-sha1, hmac-sha1-96
DEB [20220812-12:54:18.142] thr=1   paramiko.transport: server mac: hmac-sha2-512-etm@openssh.com, hmac-sha2-256-etm@openssh.com, hmac-sha2-512, hmac-sha2-256, hmac-sha1, hmac-sha1-96
DEB [20220812-12:54:18.142] thr=1   paramiko.transport: client compress: none
DEB [20220812-12:54:18.142] thr=1   paramiko.transport: server compress: none
DEB [20220812-12:54:18.142] thr=1   paramiko.transport: client lang: <none>
DEB [20220812-12:54:18.142] thr=1   paramiko.transport: server lang: <none>
DEB [20220812-12:54:18.142] thr=1   paramiko.transport: kex follows: False
DEB [20220812-12:54:18.142] thr=1   paramiko.transport: === Key exchange agreements ===
DEB [20220812-12:54:18.142] thr=1   paramiko.transport: Kex: curve25519-sha256@libssh.org
DEB [20220812-12:54:18.142] thr=1   paramiko.transport: HostKey: ssh-ed25519
DEB [20220812-12:54:18.142] thr=1   paramiko.transport: Cipher: aes128-ctr
DEB [20220812-12:54:18.142] thr=1   paramiko.transport: MAC: hmac-sha2-256
DEB [20220812-12:54:18.142] thr=1   paramiko.transport: Compression: none
DEB [20220812-12:54:18.142] thr=1   paramiko.transport: === End of kex handshake ===
DEB [20220812-12:54:18.204] thr=1   paramiko.transport: kex engine KexCurve25519 specified hash_algo <built-in function openssl_sha256>
DEB [20220812-12:54:18.214] thr=1   paramiko.transport: Switch to new keys ...
DEB [20220812-12:54:18.214] thr=2   paramiko.transport: Attempting password auth...
DEB [20220812-12:54:18.225] thr=1   paramiko.transport: userauth is OK
INF [20220812-12:54:18.238] thr=1   paramiko.transport: Authentication (password) successful!
DEB [20220812-12:54:18.239] thr=2   paramiko.transport: [chan 0] Max packet in: 32768 bytes
DEB [20220812-12:54:18.257] thr=1   paramiko.transport: [chan 0] Max packet out: 65536 bytes
DEB [20220812-12:54:18.257] thr=1   paramiko.transport: Secsh channel 0 opened.
DEB [20220812-12:54:18.313] thr=1   paramiko.transport: [chan 0] Sesch channel 0 request ok
INF [20220812-12:54:18.323] thr=2   paramiko.transport.sftp: [chan 0] Opened sftp connection (server version 3)
DEB [20220812-12:54:18.324] thr=2   paramiko.transport.sftp: [chan 0] open(b'mrc.txt', 'wb')
DEB [20220812-12:54:18.337] thr=2   paramiko.transport.sftp: [chan 0] open(b'mrc.txt', 'wb') -> 00000000
DEB [20220812-12:54:18.337] thr=2   paramiko.transport.sftp: [chan 0] close(00000000)
DEB [20220812-12:54:18.361] thr=2   paramiko.transport.sftp: [chan 0] stat(b'mrc.txt')
INF [20220812-12:54:18.377] thr=2   paramiko.transport.sftp: [chan 0] sftp session closed.
DEB [20220812-12:54:18.377] thr=2   paramiko.transport: [chan 0] EOF sent (0)
DEB [20220812-12:54:18.378] thr=1   paramiko.transport: EOF in transport thread
DEB [20220812-14:29:57.641] thr=1   paramiko.transport: starting thread (client mode): 0xe46dce20
DEB [20220812-14:29:57.641] thr=1   paramiko.transport: Local version/idstring: SSH-2.0-paramiko_2.11.0
DEB [20220812-14:29:57.656] thr=1   paramiko.transport: Remote version/idstring: SSH-2.0-RebexSSH_5.0.7691.0
INF [20220812-14:29:57.656] thr=1   paramiko.transport: Connected (version 2.0, client RebexSSH_5.0.7691.0)
DEB [20220812-14:29:57.672] thr=1   paramiko.transport: === Key exchange possibilities ===
DEB [20220812-14:29:57.672] thr=1   paramiko.transport: kex algos: curve25519-sha256, curve25519-sha256@libssh.org, ecdh-sha2-nistp521, ecdh-sha2-nistp384, ecdh-sha2-nistp256, diffie-hellman-group16-sha512, diffie-hellman-group15-sha512, diffie-hellman-group-exchange-sha256, diffie-hellman-group14-sha256, diffie-hellman-group14-sha1, diffie-hellman-group-exchange-sha1
DEB [20220812-14:29:57.672] thr=1   paramiko.transport: server key: ssh-ed25519, ecdsa-sha2-nistp256, rsa-sha2-512, ssh-rsa-sha256@ssh.com, rsa-sha2-256, ssh-rsa
DEB [20220812-14:29:57.672] thr=1   paramiko.transport: client encrypt: aes256-gcm@openssh.com, aes128-gcm@openssh.com, aes256-ctr, aes256-cbc, aes192-ctr, aes192-cbc, aes128-ctr, aes128-cbc, chacha20-poly1305@openssh.com, twofish256-ctr, twofish192-ctr, twofish128-ctr, twofish256-cbc, twofish192-cbc, twofish128-cbc, twofish-cbc, 3des-ctr, 3des-cbc
DEB [20220812-14:29:57.672] thr=1   paramiko.transport: server encrypt: aes256-gcm@openssh.com, aes128-gcm@openssh.com, aes256-ctr, aes256-cbc, aes192-ctr, aes192-cbc, aes128-ctr, aes128-cbc, chacha20-poly1305@openssh.com, twofish256-ctr, twofish192-ctr, twofish128-ctr, twofish256-cbc, twofish192-cbc, twofish128-cbc, twofish-cbc, 3des-ctr, 3des-cbc
DEB [20220812-14:29:57.672] thr=1   paramiko.transport: client mac: hmac-sha2-512-etm@openssh.com, hmac-sha2-256-etm@openssh.com, hmac-sha2-512, hmac-sha2-256, hmac-sha1, hmac-sha1-96
DEB [20220812-14:29:57.672] thr=1   paramiko.transport: server mac: hmac-sha2-512-etm@openssh.com, hmac-sha2-256-etm@openssh.com, hmac-sha2-512, hmac-sha2-256, hmac-sha1, hmac-sha1-96
DEB [20220812-14:29:57.672] thr=1   paramiko.transport: client compress: none
DEB [20220812-14:29:57.672] thr=1   paramiko.transport: server compress: none
DEB [20220812-14:29:57.672] thr=1   paramiko.transport: client lang: <none>
DEB [20220812-14:29:57.672] thr=1   paramiko.transport: server lang: <none>
DEB [20220812-14:29:57.672] thr=1   paramiko.transport: kex follows: False
DEB [20220812-14:29:57.672] thr=1   paramiko.transport: === Key exchange agreements ===
DEB [20220812-14:29:57.672] thr=1   paramiko.transport: Kex: curve25519-sha256@libssh.org
DEB [20220812-14:29:57.672] thr=1   paramiko.transport: HostKey: ssh-ed25519
DEB [20220812-14:29:57.672] thr=1   paramiko.transport: Cipher: aes128-ctr
DEB [20220812-14:29:57.672] thr=1   paramiko.transport: MAC: hmac-sha2-256
DEB [20220812-14:29:57.672] thr=1   paramiko.transport: Compression: none
DEB [20220812-14:29:57.672] thr=1   paramiko.transport: === End of kex handshake ===
DEB [20220812-14:29:57.741] thr=1   paramiko.transport: kex engine KexCurve25519 specified hash_algo <built-in function openssl_sha256>
DEB [20220812-14:29:57.757] thr=1   paramiko.transport: Switch to new keys ...
DEB [20220812-14:29:57.757] thr=2   paramiko.transport: Attempting password auth...
DEB [20220812-14:29:57.773] thr=1   paramiko.transport: userauth is OK
INF [20220812-14:29:57.779] thr=1   paramiko.transport: Authentication (password) successful!
DEB [20220812-14:29:57.779] thr=2   paramiko.transport: [chan 0] Max packet in: 32768 bytes
DEB [20220812-14:29:57.795] thr=1   paramiko.transport: [chan 0] Max packet out: 65536 bytes
DEB [20220812-14:29:57.795] thr=1   paramiko.transport: Secsh channel 0 opened.
DEB [20220812-14:29:57.857] thr=1   paramiko.transport: [chan 0] Sesch channel 0 request ok
INF [20220812-14:29:57.857] thr=2   paramiko.transport.sftp: [chan 0] Opened sftp connection (server version 3)
DEB [20220812-14:29:57.873] thr=2   paramiko.transport.sftp: [chan 0] open(b'mrc.txt', 'wb')
DEB [20220812-14:29:57.879] thr=2   paramiko.transport.sftp: [chan 0] open(b'mrc.txt', 'wb') -> 00000000
DEB [20220812-14:29:57.879] thr=2   paramiko.transport.sftp: [chan 0] close(00000000)
DEB [20220812-14:29:57.926] thr=2   paramiko.transport.sftp: [chan 0] stat(b'mrc.txt')
INF [20220812-14:29:57.926] thr=2   paramiko.transport.sftp: [chan 0] sftp session closed.
DEB [20220812-14:29:57.926] thr=2   paramiko.transport: [chan 0] EOF sent (0)
DEB [20220812-14:29:57.926] thr=1   paramiko.transport: EOF in transport thread
DEB [20220812-14:30:25.420] thr=1   paramiko.transport: starting thread (client mode): 0x188ce20
DEB [20220812-14:30:25.420] thr=1   paramiko.transport: Local version/idstring: SSH-2.0-paramiko_2.11.0
DEB [20220812-14:30:25.435] thr=1   paramiko.transport: Remote version/idstring: SSH-2.0-RebexSSH_5.0.7691.0
INF [20220812-14:30:25.435] thr=1   paramiko.transport: Connected (version 2.0, client RebexSSH_5.0.7691.0)
DEB [20220812-14:30:25.451] thr=1   paramiko.transport: === Key exchange possibilities ===
DEB [20220812-14:30:25.451] thr=1   paramiko.transport: kex algos: curve25519-sha256, curve25519-sha256@libssh.org, ecdh-sha2-nistp521, ecdh-sha2-nistp384, ecdh-sha2-nistp256, diffie-hellman-group16-sha512, diffie-hellman-group15-sha512, diffie-hellman-group-exchange-sha256, diffie-hellman-group14-sha256, diffie-hellman-group14-sha1, diffie-hellman-group-exchange-sha1
DEB [20220812-14:30:25.451] thr=1   paramiko.transport: server key: ssh-ed25519, ecdsa-sha2-nistp256, rsa-sha2-512, ssh-rsa-sha256@ssh.com, rsa-sha2-256, ssh-rsa
DEB [20220812-14:30:25.451] thr=1   paramiko.transport: client encrypt: aes256-gcm@openssh.com, aes128-gcm@openssh.com, aes256-ctr, aes256-cbc, aes192-ctr, aes192-cbc, aes128-ctr, aes128-cbc, chacha20-poly1305@openssh.com, twofish256-ctr, twofish192-ctr, twofish128-ctr, twofish256-cbc, twofish192-cbc, twofish128-cbc, twofish-cbc, 3des-ctr, 3des-cbc
DEB [20220812-14:30:25.451] thr=1   paramiko.transport: server encrypt: aes256-gcm@openssh.com, aes128-gcm@openssh.com, aes256-ctr, aes256-cbc, aes192-ctr, aes192-cbc, aes128-ctr, aes128-cbc, chacha20-poly1305@openssh.com, twofish256-ctr, twofish192-ctr, twofish128-ctr, twofish256-cbc, twofish192-cbc, twofish128-cbc, twofish-cbc, 3des-ctr, 3des-cbc
DEB [20220812-14:30:25.451] thr=1   paramiko.transport: client mac: hmac-sha2-512-etm@openssh.com, hmac-sha2-256-etm@openssh.com, hmac-sha2-512, hmac-sha2-256, hmac-sha1, hmac-sha1-96
DEB [20220812-14:30:25.451] thr=1   paramiko.transport: server mac: hmac-sha2-512-etm@openssh.com, hmac-sha2-256-etm@openssh.com, hmac-sha2-512, hmac-sha2-256, hmac-sha1, hmac-sha1-96
DEB [20220812-14:30:25.451] thr=1   paramiko.transport: client compress: none
DEB [20220812-14:30:25.451] thr=1   paramiko.transport: server compress: none
DEB [20220812-14:30:25.451] thr=1   paramiko.transport: client lang: <none>
DEB [20220812-14:30:25.451] thr=1   paramiko.transport: server lang: <none>
DEB [20220812-14:30:25.451] thr=1   paramiko.transport: kex follows: False
DEB [20220812-14:30:25.451] thr=1   paramiko.transport: === Key exchange agreements ===
DEB [20220812-14:30:25.451] thr=1   paramiko.transport: Kex: curve25519-sha256@libssh.org
DEB [20220812-14:30:25.451] thr=1   paramiko.transport: HostKey: ssh-ed25519
DEB [20220812-14:30:25.451] thr=1   paramiko.transport: Cipher: aes128-ctr
DEB [20220812-14:30:25.451] thr=1   paramiko.transport: MAC: hmac-sha2-256
DEB [20220812-14:30:25.451] thr=1   paramiko.transport: Compression: none
DEB [20220812-14:30:25.451] thr=1   paramiko.transport: === End of kex handshake ===
DEB [20220812-14:30:25.498] thr=1   paramiko.transport: kex engine KexCurve25519 specified hash_algo <built-in function openssl_sha256>
DEB [20220812-14:30:25.513] thr=1   paramiko.transport: Switch to new keys ...
DEB [20220812-14:30:25.513] thr=2   paramiko.transport: Attempting password auth...
DEB [20220812-14:30:25.529] thr=1   paramiko.transport: userauth is OK
INF [20220812-14:30:25.545] thr=1   paramiko.transport: Authentication (password) successful!
DEB [20220812-14:30:25.545] thr=2   paramiko.transport: [chan 0] Max packet in: 32768 bytes
DEB [20220812-14:30:25.545] thr=1   paramiko.transport: [chan 0] Max packet out: 65536 bytes
DEB [20220812-14:30:25.545] thr=1   paramiko.transport: Secsh channel 0 opened.
DEB [20220812-14:30:25.592] thr=1   paramiko.transport: [chan 0] Sesch channel 0 request ok
INF [20220812-14:30:25.607] thr=2   paramiko.transport.sftp: [chan 0] Opened sftp connection (server version 3)
DEB [20220812-14:30:25.607] thr=2   paramiko.transport.sftp: [chan 0] open(b'mrc.txt', 'wb')
DEB [20220812-14:30:25.639] thr=2   paramiko.transport.sftp: [chan 0] open(b'mrc.txt', 'wb') -> 00000000
DEB [20220812-14:30:25.639] thr=2   paramiko.transport.sftp: [chan 0] close(00000000)
DEB [20220812-14:30:25.670] thr=2   paramiko.transport.sftp: [chan 0] stat(b'mrc.txt')
INF [20220812-14:30:25.685] thr=2   paramiko.transport.sftp: [chan 0] sftp session closed.
DEB [20220812-14:30:25.685] thr=2   paramiko.transport: [chan 0] EOF sent (0)
DEB [20220812-14:30:25.685] thr=1   paramiko.transport: EOF in transport thread
DEB [20220812-14:35:11.359] thr=1   paramiko.transport: starting thread (client mode): 0x1ba66140
DEB [20220812-14:35:11.359] thr=1   paramiko.transport: Local version/idstring: SSH-2.0-paramiko_2.11.0
DEB [20220812-14:35:11.374] thr=1   paramiko.transport: Remote version/idstring: SSH-2.0-RebexSSH_5.0.7691.0
INF [20220812-14:35:11.374] thr=1   paramiko.transport: Connected (version 2.0, client RebexSSH_5.0.7691.0)
DEB [20220812-14:35:11.374] thr=1   paramiko.transport: === Key exchange possibilities ===
DEB [20220812-14:35:11.374] thr=1   paramiko.transport: kex algos: curve25519-sha256, curve25519-sha256@libssh.org, ecdh-sha2-nistp521, ecdh-sha2-nistp384, ecdh-sha2-nistp256, diffie-hellman-group16-sha512, diffie-hellman-group15-sha512, diffie-hellman-group-exchange-sha256, diffie-hellman-group14-sha256, diffie-hellman-group14-sha1, diffie-hellman-group-exchange-sha1
DEB [20220812-14:35:11.374] thr=1   paramiko.transport: server key: ssh-ed25519, ecdsa-sha2-nistp256, rsa-sha2-512, ssh-rsa-sha256@ssh.com, rsa-sha2-256, ssh-rsa
DEB [20220812-14:35:11.374] thr=1   paramiko.transport: client encrypt: aes256-gcm@openssh.com, aes128-gcm@openssh.com, aes256-ctr, aes256-cbc, aes192-ctr, aes192-cbc, aes128-ctr, aes128-cbc, chacha20-poly1305@openssh.com, twofish256-ctr, twofish192-ctr, twofish128-ctr, twofish256-cbc, twofish192-cbc, twofish128-cbc, twofish-cbc, 3des-ctr, 3des-cbc
DEB [20220812-14:35:11.374] thr=1   paramiko.transport: server encrypt: aes256-gcm@openssh.com, aes128-gcm@openssh.com, aes256-ctr, aes256-cbc, aes192-ctr, aes192-cbc, aes128-ctr, aes128-cbc, chacha20-poly1305@openssh.com, twofish256-ctr, twofish192-ctr, twofish128-ctr, twofish256-cbc, twofish192-cbc, twofish128-cbc, twofish-cbc, 3des-ctr, 3des-cbc
DEB [20220812-14:35:11.390] thr=1   paramiko.transport: client mac: hmac-sha2-512-etm@openssh.com, hmac-sha2-256-etm@openssh.com, hmac-sha2-512, hmac-sha2-256, hmac-sha1, hmac-sha1-96
DEB [20220812-14:35:11.390] thr=1   paramiko.transport: server mac: hmac-sha2-512-etm@openssh.com, hmac-sha2-256-etm@openssh.com, hmac-sha2-512, hmac-sha2-256, hmac-sha1, hmac-sha1-96
DEB [20220812-14:35:11.390] thr=1   paramiko.transport: client compress: none
DEB [20220812-14:35:11.390] thr=1   paramiko.transport: server compress: none
DEB [20220812-14:35:11.390] thr=1   paramiko.transport: client lang: <none>
DEB [20220812-14:35:11.390] thr=1   paramiko.transport: server lang: <none>
DEB [20220812-14:35:11.390] thr=1   paramiko.transport: kex follows: False
DEB [20220812-14:35:11.390] thr=1   paramiko.transport: === Key exchange agreements ===
DEB [20220812-14:35:11.390] thr=1   paramiko.transport: Kex: curve25519-sha256@libssh.org
DEB [20220812-14:35:11.390] thr=1   paramiko.transport: HostKey: ssh-ed25519
DEB [20220812-14:35:11.390] thr=1   paramiko.transport: Cipher: aes128-ctr
DEB [20220812-14:35:11.390] thr=1   paramiko.transport: MAC: hmac-sha2-256
DEB [20220812-14:35:11.390] thr=1   paramiko.transport: Compression: none
DEB [20220812-14:35:11.390] thr=1   paramiko.transport: === End of kex handshake ===
DEB [20220812-14:35:11.453] thr=1   paramiko.transport: kex engine KexCurve25519 specified hash_algo <built-in function openssl_sha256>
DEB [20220812-14:35:11.468] thr=1   paramiko.transport: Switch to new keys ...
DEB [20220812-14:35:11.468] thr=2   paramiko.transport: Attempting password auth...
DEB [20220812-14:35:11.484] thr=1   paramiko.transport: userauth is OK
INF [20220812-14:35:11.499] thr=1   paramiko.transport: Authentication (password) successful!
DEB [20220812-14:35:11.499] thr=2   paramiko.transport: [chan 0] Max packet in: 32768 bytes
DEB [20220812-14:35:11.515] thr=1   paramiko.transport: [chan 0] Max packet out: 65536 bytes
DEB [20220812-14:35:11.515] thr=1   paramiko.transport: Secsh channel 0 opened.
DEB [20220812-14:35:11.562] thr=1   paramiko.transport: [chan 0] Sesch channel 0 request ok
INF [20220812-14:35:11.593] thr=2   paramiko.transport.sftp: [chan 0] Opened sftp connection (server version 3)
DEB [20220812-14:35:11.593] thr=2   paramiko.transport.sftp: [chan 0] open(b'mrc.txt', 'wb')
DEB [20220812-14:35:11.609] thr=2   paramiko.transport.sftp: [chan 0] open(b'mrc.txt', 'wb') -> 00000000
DEB [20220812-14:35:11.609] thr=2   paramiko.transport.sftp: [chan 0] close(00000000)
DEB [20220812-14:35:11.625] thr=2   paramiko.transport.sftp: [chan 0] stat(b'mrc.txt')
INF [20220812-14:35:11.671] thr=2   paramiko.transport.sftp: [chan 0] sftp session closed.
DEB [20220812-14:35:11.671] thr=2   paramiko.transport: [chan 0] EOF sent (0)
DEB [20220812-14:35:11.671] thr=1   paramiko.transport: EOF in transport thread
DEB [20220812-15:03:59.166] thr=1   paramiko.transport: starting thread (client mode): 0xefface20
DEB [20220812-15:03:59.166] thr=1   paramiko.transport: Local version/idstring: SSH-2.0-paramiko_2.11.0
DEB [20220812-15:03:59.181] thr=1   paramiko.transport: Remote version/idstring: SSH-2.0-RebexSSH_5.0.7691.0
INF [20220812-15:03:59.181] thr=1   paramiko.transport: Connected (version 2.0, client RebexSSH_5.0.7691.0)
DEB [20220812-15:03:59.197] thr=1   paramiko.transport: === Key exchange possibilities ===
DEB [20220812-15:03:59.197] thr=1   paramiko.transport: kex algos: curve25519-sha256, curve25519-sha256@libssh.org, ecdh-sha2-nistp521, ecdh-sha2-nistp384, ecdh-sha2-nistp256, diffie-hellman-group16-sha512, diffie-hellman-group15-sha512, diffie-hellman-group-exchange-sha256, diffie-hellman-group14-sha256, diffie-hellman-group14-sha1, diffie-hellman-group-exchange-sha1
DEB [20220812-15:03:59.197] thr=1   paramiko.transport: server key: ssh-ed25519, ecdsa-sha2-nistp256, rsa-sha2-512, ssh-rsa-sha256@ssh.com, rsa-sha2-256, ssh-rsa
DEB [20220812-15:03:59.197] thr=1   paramiko.transport: client encrypt: aes256-gcm@openssh.com, aes128-gcm@openssh.com, aes256-ctr, aes256-cbc, aes192-ctr, aes192-cbc, aes128-ctr, aes128-cbc, chacha20-poly1305@openssh.com, twofish256-ctr, twofish192-ctr, twofish128-ctr, twofish256-cbc, twofish192-cbc, twofish128-cbc, twofish-cbc, 3des-ctr, 3des-cbc
DEB [20220812-15:03:59.197] thr=1   paramiko.transport: server encrypt: aes256-gcm@openssh.com, aes128-gcm@openssh.com, aes256-ctr, aes256-cbc, aes192-ctr, aes192-cbc, aes128-ctr, aes128-cbc, chacha20-poly1305@openssh.com, twofish256-ctr, twofish192-ctr, twofish128-ctr, twofish256-cbc, twofish192-cbc, twofish128-cbc, twofish-cbc, 3des-ctr, 3des-cbc
DEB [20220812-15:03:59.197] thr=1   paramiko.transport: client mac: hmac-sha2-512-etm@openssh.com, hmac-sha2-256-etm@openssh.com, hmac-sha2-512, hmac-sha2-256, hmac-sha1, hmac-sha1-96
DEB [20220812-15:03:59.197] thr=1   paramiko.transport: server mac: hmac-sha2-512-etm@openssh.com, hmac-sha2-256-etm@openssh.com, hmac-sha2-512, hmac-sha2-256, hmac-sha1, hmac-sha1-96
DEB [20220812-15:03:59.197] thr=1   paramiko.transport: client compress: none
DEB [20220812-15:03:59.197] thr=1   paramiko.transport: server compress: none
DEB [20220812-15:03:59.197] thr=1   paramiko.transport: client lang: <none>
DEB [20220812-15:03:59.197] thr=1   paramiko.transport: server lang: <none>
DEB [20220812-15:03:59.197] thr=1   paramiko.transport: kex follows: False
DEB [20220812-15:03:59.197] thr=1   paramiko.transport: === Key exchange agreements ===
DEB [20220812-15:03:59.197] thr=1   paramiko.transport: Kex: curve25519-sha256@libssh.org
DEB [20220812-15:03:59.197] thr=1   paramiko.transport: HostKey: ssh-ed25519
DEB [20220812-15:03:59.197] thr=1   paramiko.transport: Cipher: aes128-ctr
DEB [20220812-15:03:59.197] thr=1   paramiko.transport: MAC: hmac-sha2-256
DEB [20220812-15:03:59.197] thr=1   paramiko.transport: Compression: none
DEB [20220812-15:03:59.197] thr=1   paramiko.transport: === End of kex handshake ===
DEB [20220812-15:03:59.259] thr=1   paramiko.transport: kex engine KexCurve25519 specified hash_algo <built-in function openssl_sha256>
DEB [20220812-15:03:59.259] thr=1   paramiko.transport: Switch to new keys ...
DEB [20220812-15:03:59.259] thr=2   paramiko.transport: Attempting password auth...
DEB [20220812-15:03:59.275] thr=1   paramiko.transport: userauth is OK
INF [20220812-15:03:59.291] thr=1   paramiko.transport: Authentication (password) successful!
DEB [20220812-15:03:59.291] thr=2   paramiko.transport: [chan 0] Max packet in: 32768 bytes
DEB [20220812-15:03:59.306] thr=1   paramiko.transport: [chan 0] Max packet out: 65536 bytes
DEB [20220812-15:03:59.306] thr=1   paramiko.transport: Secsh channel 0 opened.
DEB [20220812-15:03:59.353] thr=1   paramiko.transport: [chan 0] Sesch channel 0 request ok
INF [20220812-15:03:59.369] thr=2   paramiko.transport.sftp: [chan 0] Opened sftp connection (server version 3)
DEB [20220812-15:03:59.369] thr=2   paramiko.transport.sftp: [chan 0] open(b'mrc.txt', 'wb')
DEB [20220812-15:03:59.384] thr=2   paramiko.transport.sftp: [chan 0] open(b'mrc.txt', 'wb') -> 00000000
DEB [20220812-15:03:59.384] thr=2   paramiko.transport.sftp: [chan 0] close(00000000)
DEB [20220812-15:03:59.400] thr=2   paramiko.transport.sftp: [chan 0] stat(b'mrc.txt')
INF [20220812-15:03:59.415] thr=2   paramiko.transport.sftp: [chan 0] sftp session closed.
DEB [20220812-15:03:59.415] thr=2   paramiko.transport: [chan 0] EOF sent (0)
DEB [20220812-15:03:59.415] thr=1   paramiko.transport: EOF in transport thread
